<?xml version="1.0" encoding="UTF-8"?>
<testsuite name="mavlc.frontend.error.ErrorCompareTest" tests="9" skipped="0" failures="0" errors="0" timestamp="2016-12-15T00:41:53" hostname="localhost" time="0.11">
  <properties/>
  <testcase name="testExample[assign02]" classname="mavlc.frontend.error.ErrorCompareTest" time="0.009"/>
  <testcase name="testExample[assign03]" classname="mavlc.frontend.error.ErrorCompareTest" time="0.006"/>
  <testcase name="testExample[call01]" classname="mavlc.frontend.error.ErrorCompareTest" time="0.009"/>
  <testcase name="testExample[call02]" classname="mavlc.frontend.error.ErrorCompareTest" time="0.004"/>
  <testcase name="testExample[forloop02]" classname="mavlc.frontend.error.ErrorCompareTest" time="0.008"/>
  <testcase name="testExample[forloop03]" classname="mavlc.frontend.error.ErrorCompareTest" time="0.011"/>
  <testcase name="testExample[matrix02]" classname="mavlc.frontend.error.ErrorCompareTest" time="0.037"/>
  <testcase name="testExample[subaddmul02]" classname="mavlc.frontend.error.ErrorCompareTest" time="0.011"/>
  <testcase name="testExample[subaddmul03]" classname="mavlc.frontend.error.ErrorCompareTest" time="0.014"/>
  <system-out><![CDATA[[src/test/testcases/errors/P2/public/assign02.error_test.context.xml, src/test/testcases/errors/P2/public/assign03.error_test.context.xml, src/test/testcases/errors/P2/public/call01.error_test.context.xml, src/test/testcases/errors/P2/public/call02.error_test.context.xml, src/test/testcases/errors/P2/public/forloop02.error_test.context.xml, src/test/testcases/errors/P2/public/forloop03.error_test.context.xml, src/test/testcases/errors/P2/public/matrix02.error_test.context.xml, src/test/testcases/errors/P2/public/subaddmul02.error_test.context.xml, src/test/testcases/errors/P2/public/subaddmul03.error_test.context.xml]
Compiling file /Users/thomas/Uni/eicb-p2-2016.1/src/test/testcases/errors/P2/public/assign02.mavl
Compiling file /Users/thomas/Uni/eicb-p2-2016.1/src/test/testcases/errors/P2/public/assign03.mavl
Compiling file /Users/thomas/Uni/eicb-p2-2016.1/src/test/testcases/errors/P2/public/call01.mavl
Compiling file /Users/thomas/Uni/eicb-p2-2016.1/src/test/testcases/errors/P2/public/call02.mavl
Compiling file /Users/thomas/Uni/eicb-p2-2016.1/src/test/testcases/errors/P2/public/forloop02.mavl
Compiling file /Users/thomas/Uni/eicb-p2-2016.1/src/test/testcases/errors/P2/public/forloop03.mavl
Compiling file /Users/thomas/Uni/eicb-p2-2016.1/src/test/testcases/errors/P2/public/matrix02.mavl
Compiling file /Users/thomas/Uni/eicb-p2-2016.1/src/test/testcases/errors/P2/public/subaddmul02.mavl
Compiling file /Users/thomas/Uni/eicb-p2-2016.1/src/test/testcases/errors/P2/public/subaddmul03.mavl
]]></system-out>
  <system-err><![CDATA[Running testcase assign02.mavl
-->Successful
Running testcase assign03.mavl
-->Successful
Running testcase call01.mavl
-->Successful
Running testcase call02.mavl
-->Successful
Running testcase forloop02.mavl
-->Successful
Running testcase forloop03.mavl
-->Successful
Running testcase matrix02.mavl
-->Successful
Running testcase subaddmul02.mavl
-->Successful
Running testcase subaddmul03.mavl
-->Successful
]]></system-err>
</testsuite>
